<?xml version="1.0" encoding="UTF-8"?>
<!-- Generated by org.testng.reporters.JUnitXMLReporter -->
<testsuite ignored="0" hostname="DESKTOP-MDEUDBT" failures="0" tests="4" name="Test" time="0.121" errors="0" timestamp="2023-06-22T01:04:51 IST">
  <testcase classname="aaab.Test0" name="tc1" time="0.014"/>
  <testcase classname="aaab.Test3" name="tc4" time="0.002"/>
  <testcase classname="aaab.Test2" name="tc2" time="0.002"/>
  <testcase classname="aaab.Test1" name="tc2" time="0.002"/>
</testsuite> <!-- Test -->
