<?xml version="1.0" encoding="UTF-8"?>
<testng-results ignored="0" total="4" passed="4" failed="0" skipped="0">
  <reporter-output>
  </reporter-output>
  <suite started-at="2023-06-22T01:04:51 IST" name="Suite" finished-at="2023-06-22T01:04:51 IST" duration-ms="121">
    <groups>
    </groups>
    <test started-at="2023-06-22T01:04:51 IST" name="Test" finished-at="2023-06-22T01:04:51 IST" duration-ms="121">
      <class name="aaab.Test3">
        <test-method signature="tc4()[pri:0, instance:aaab.Test3@51f116b8]" started-at="2023-06-22T01:04:51 IST" name="tc4" finished-at="2023-06-22T01:04:51 IST" duration-ms="2" status="PASS">
          <reporter-output>
          </reporter-output>
        </test-method> <!-- tc4 -->
      </class> <!-- aaab.Test3 -->
      <class name="aaab.Test0">
        <test-method signature="tc1()[pri:0, instance:aaab.Test0@44a7bfbc]" started-at="2023-06-22T01:04:51 IST" name="tc1" finished-at="2023-06-22T01:04:51 IST" duration-ms="14" status="PASS">
          <reporter-output>
          </reporter-output>
        </test-method> <!-- tc1 -->
      </class> <!-- aaab.Test0 -->
      <class name="aaab.Test1">
        <test-method signature="tc2()[pri:0, instance:aaab.Test1@1f97cf0d]" started-at="2023-06-22T01:04:51 IST" name="tc2" finished-at="2023-06-22T01:04:51 IST" duration-ms="2" status="PASS">
          <reporter-output>
          </reporter-output>
        </test-method> <!-- tc2 -->
      </class> <!-- aaab.Test1 -->
      <class name="aaab.Test2">
        <test-method signature="tc2()[pri:0, instance:aaab.Test2@19d481b]" started-at="2023-06-22T01:04:51 IST" name="tc2" finished-at="2023-06-22T01:04:51 IST" duration-ms="2" status="PASS">
          <reporter-output>
          </reporter-output>
        </test-method> <!-- tc2 -->
      </class> <!-- aaab.Test2 -->
    </test> <!-- Test -->
  </suite> <!-- Suite -->
</testng-results>
